<?xml version="1.0" encoding="UTF-8"?>
<!-- Generated by org.testng.reporters.JUnitReportReporter -->
<testsuite skipped="0" hostname="DESKTOP-SQMBLV0" name="tests.TravelsLoginTest" tests="1" failures="0" timestamp="2019-12-13T11:53:52 CET" time="15.205" errors="0">
  <testcase name="basicLogin" time="15.205" classname="tests.TravelsLoginTest"/>
</testsuite> <!-- tests.TravelsLoginTest -->
