<?xml version="1.0" encoding="UTF-8"?>
<!-- Generated by org.testng.reporters.JUnitReportReporter -->
<testsuite skipped="0" hostname="DESKTOP-SQMBLV0" name="tests.ExcelLogin" tests="1" failures="0" timestamp="2019-12-14T00:47:27 CET" time="13.062" errors="0">
  <testcase name="excelLogin" time="13.062" classname="tests.ExcelLogin"/>
</testsuite> <!-- tests.ExcelLogin -->
