<?xml version="1.0" encoding="UTF-8"?>
<!-- Generated by org.testng.reporters.JUnitReportReporter -->
<testsuite skipped="0" hostname="DESKTOP-SQMBLV0" name="tests.LoginTest" tests="1" failures="0" timestamp="2019-12-10T15:38:30 CET" time="11.128" errors="0">
  <testcase name="basicLogin" time="11.128" classname="tests.LoginTest"/>
</testsuite> <!-- tests.LoginTest -->
