<?xml version="1.0" encoding="UTF-8"?>
<!-- Generated by org.testng.reporters.JUnitReportReporter -->
<testsuite skipped="0" hostname="DESKTOP-SQMBLV0" name="tests.TravelsMenuTest" tests="1" failures="0" timestamp="2019-12-14T00:46:55 CET" time="24.434" errors="0">
  <testcase name="checkFunctionality" time="24.434" classname="tests.TravelsMenuTest"/>
</testsuite> <!-- tests.TravelsMenuTest -->
